1: 164 311
2: 5685 6544
3: 1084 779
4: 1637 25
5: 8147 8530
6: 683 117
7: 3291 6349
8: 1497 7408
9: 1174 5679
10: 31 156
11: 6753 1958
12: 7916 7927
13: 7267 8613
14: 2091 9719
15: 1050 8807
16: 1325 919
17: 6937 6
18: 1095 9559
19: 5786 6491
20: 9259 1876
21: 469 2635
22: 141 1973
23: 9541 5151
24: 1481 2183
25: 3112 3511
26: 6918 5089
27: 870 4649
28: 1853 5915
29: 27 17
30: 843 914
31: 1909 502
32: 641 1136
33: 1320 8497
34: 7941 7996
35: 209 4058
36: 4581 7660
37: 9343 3778
38: 7221 9127
39: 2289 3742
40: 5675 3141
41: 282 505
42: 8393 712
43: 2215 6631
44: 2842 2425
45: 957 1600
46: 1355 8628
47: 4766 6403
48: 526 379
49: 7283 8588
50: 7143 7286
51: 239 177
52: 896 3121
53: 2265 8927
54: 1517 2092
55: 387 2009
56: 131 55
57: 7823 4805
58: 9875 4711
59: 909 2345
60: 8524 6569
61: 6 947
62: 4113 959
63: 6848 6573
64: 3110 1857
65: 8945 7181
66: 5108 2557
67: 4421 6096
68: 5315 7007
69: 2511 7094
70: 9468 2143
71: 8498 1347
72: 106 919
73: 4309 588
74: 1901 4296
75: 2446 1351
76: 2875 772
77: 1095 3719
78: 9537 4894
79: 4073 2533
80: 682 1249
81: 4954 2685
82: 7573 5866
83: 6276 6919
84: 1393 774
85: 1883 8924
86: 2797 1273
87: 5012 9133
88: 1363 180
89: 8699 9703
90: 9871 3603
91: 5380 8329
92: 134 381
93: 5908 7225
94: 9923 5128
95: 9472 8915
96: 1554 905
97: 1698 2593
98: 5761 8964
99: 1723 4070
100: 2012 649
101: 135 689
102: 1097 3045
103: 5577 4657
104: 2815 3956
105: 2503 8124
106: 3184 3231
107: 3637 311
108: 4951 3652
109: 329 680
110: 4126 8821
111: 5293 7167
112: 3657 7529
113: 9212 2809
114: 4688 2227
115: 5681 7140
116: 3585 5914
117: 1954 3245
118: 6952 2679
119: 856 1323
120: 5191 5364
121: 3907 1636
122: 3304 867
123: 8667 4984
124: 3785 1369
125: 1087 378
126: 9259 7293
127: 232 2161
128: 503 671
129: 7223 3461
130: 1907 1008
131: 2608 281
132: 153 736
133: 9789 7942
134: 1587 1318
135: 7193 518
136: 1841 5309
137: 5621 4759
138: 8080 7273
139: 5597 4085
140: 9427 4438
141: 3386 4005
142: 6225 1561
143: 2201 8352
144: 791 6157
145: 172 321
146: 1775 829
147: 1503 545
148: 299 157
149: 421 80
150: 7934 305
151: 20 39
152: 757 5238
153: 5959 7980
154: 4656 7529
155: 8771 8310
156: 930 1463
157: 866 1409
158: 1417 2336
159: 2792 5317
160: 160 357
161: 3636 3779
162: 1857 1853
163: 4822 5663
164: 523 8271
165: 3754 8675
166: 1382 1417
167: 1105 5651
168: 7340 2679
169: 8832 3293
170: 5247 3178
171: 1749 9635
172: 8874 973
173: 542 6557
174: 554 8955
175: 8349 520
176: 111 49
177: 7095 196
178: 2435 3013
179: 6797 1805
180: 4285 804
181: 3183 701
182: 155 1944
183: 2025 6271
184: 815 84
185: 5447 1424
186: 163 1346
187: 4539 692
188: 9649 9872
189: 185 502
190: 285 352
191: 4432 1009
192: 4253 1310
193: 1789 7435
194: 8461 1479
195: 4214 4313
196: 6258 8215
197: 1659 277
198: 5973 2150
199: 729 3811
200: 4153 929
201: 2691 2303
202: 2308 1413
203: 1901 2000
204: 3748 7629
205: 279 328
206: 3753 9386
207: 3757 860
208: 1938 1015
209: 19 1866
210: 4261 1071
211: 9931 9208
212: 1615 1796
213: 32 529
214: 4407 998
215: 3253 6351
216: 2225 9677
217: 3812 3807
218: 799 1230
219: 6739 3665
220: 703 1081
221: 3957 3001
222: 6071 350
223: 8817 2708
224: 1189 7748
225: 7219 1215
226: 9266 9411
227: 246 2071
228: 8683 5336
229: 2402 7799
230: 2660 1867
231: 6010 5921
232: 4578 6095
233: 5977 8731
234: 2892 2069
235: 2245 909
236: 4352 3835
237: 642 2051
238: 543 5926
239: 8782 9151
240: 1487 3087
241: 1203 7163
242: 1135 156
243: 3961 194
244: 2925 2026
245: 852 535
246: 1099 249
247: 6474 7685
248: 3903 3449
249: 9949 7817
250: 1693 3466
251: 6987 9613
252: 936 9443
253: 9868 409
254: 8008 1161
255: 8762 8575
256: 1831 5964
257: 149 8286
258: 563 1322
259: 2488 429
260: 279 418
261: 1618 1565
262: 9944 2441
263: 6139 883
264: 5149 1181
265: 3316 3273
266: 3649 5707
267: 9821 9704
268: 2014 6281
269: 2917 488
270: 2027 2495
271: 7627 861
272: 773 102
273: 177 1120
274: 865 184
275: 23 283
276: 1026 6409
277: 8804 8239
278: 2699 662
279: 5719 1571
280: 1395 4292
281: 230 733
282: 1037 6437
283: 129 442
284: 4188 1297
285: 6471 572
286: 2719 529
287: 5163 2080
288: 641 2551
289: 1223 1640
290: 3689 2682
291: 7935 328
292: 4997 1846
293: 3493 2836
294: 415 877
295: 339 923
296: 7089 2060
297: 3249 2695
298: 8729 2624
299: 822 7043
300: 2778 2599
301: 4938 2237
302: 5693 3862
303: 5905 6818
304: 2403 2728
305: 4575 127
306: 513 467
307: 4203 3458
308: 2825 5873
309: 2309 179
310: 1835 62
311: 2427 1154
312: 743 7872
313: 7684 9999
314: 8156 8165
315: 854 409
316: 3145 4618
317: 1 85
318: 1558 4859
319: 8068 5849
320: 6361 3663
321: 2671 4831
322: 6377 3573
323: 105 572
324: 853 7026
325: 2893 54
326: 2627 273
327: 3043 2879
328: 9392 61
329: 6875 4228
330: 4543 2187
331: 7823 9037
332: 3169 1866
333: 4564 3237
334: 2645 2249
335: 309 1589
336: 2626 1275
337: 6216 1595
338: 2019 9335
339: 245 5612
340: 1499 1475
341: 3997 2013
342: 9288 2417
343: 778 3653
344: 195 89
345: 2385 2699
346: 4301 4837
347: 2855 3332
348: 1709 8892
349: 593 110
350: 354 221
351: 3910 8889
352: 2707 2254
353: 3365 9454
354: 1652 2027
355: 4877 9847
356: 103 3736
357: 155 566
358: 3257 2264
359: 2520 1363
360: 4665 2894
361: 415 7773
362: 689 281
363: 4248 7111
364: 1971 1412
365: 1313 496
366: 186 1213
367: 3666 4489
368: 187 43
369: 7485 2737
370: 4401 2794
371: 5828 6579
372: 9981 1853
373: 393 1114
374: 58 3079
375: 1168 661
376: 8537 5412
377: 4459 1618
378: 7701 2837
379: 1987 337
380: 9683 9639
381: 450 937
382: 2269 2892
383: 7200 1057
384: 2100 2263
385: 3820 373
386: 2197 9244
387: 4578 4835
388: 1307 2362
389: 2807 717
390: 232 1401
391: 610 3237
392: 9132 9121
393: 9151 9602
394: 2411 712
395: 7138 4607
396: 6157 3088
397: 3572 2159
398: 915 2771
399: 7810 3197
400: 55 4084
401: 5726 451
402: 1535 774
403: 9060 2569
404: 1165 1111
405: 9232 9153
406: 7619 9403
407: 30 211
408: 826 6319
409: 3649 1365
410: 8239 3140
411: 6584 4653
412: 1599 47
413: 8991 9082
414: 7770 6037
415: 7138 4127
416: 9577 165
417: 6471 5858
418: 8864 2343
419: 1 335
420: 8483 2480
421: 2286 6097
422: 2723 296
423: 6092 1243
424: 439 153
425: 5483 9746
426: 3783 7610
427: 2683 5719
428: 4470 1457
429: 334 1979
430: 429 53
431: 643 1174
432: 577 2769
433: 203 6943
434: 1645 3104
435: 7460 1023
436: 5035 5902
437: 41 290
438: 785 6636
439: 1564 231
440: 8213 4604
441: 3890 929
442: 83 189
443: 2454 1351
444: 9494 7673
445: 7807 5693
446: 6640 9023
447: 1004 5189
448: 2478 2137
449: 1219 1326
450: 1314 587
451: 4370 921
452: 3406 3769
453: 587 2676
454: 2677 5071
455: 94 4313
456: 1394 2379
457: 3732 6317
458: 4003 4733
459: 3461 3790
460: 4386 3115
461: 2133 1750
462: 1157 2045
463: 2525 947
464: 43 1809
465: 3797 6344
466: 5776 4307
467: 1233 749
468: 221 1893
469: 1943 886
470: 2379 3205
471: 3254 789
472: 3941 1277
473: 6594 475
474: 3469 1812
475: 253 721
476: 107 888
477: 577 21
478: 2559 2285
479: 9695 6019
480: 8850 181
481: 4237 3297
482: 102 887
483: 926 1767
484: 155 249
485: 3545 4249
486: 7181 3924
487: 377 1934
488: 4010 609
489: 190 1221
490: 163 671
491: 127 245
492: 1664 4815
493: 2260 7103
494: 1325 6883
495: 4189 3514
496: 8021 979
497: 5771 6395
498: 6663 4235
499: 9 2
500: 9697 9492
501: 9681 8045
502: 34 69
503: 1123 1173
504: 1699 2590
505: 137 1427
506: 9041 3075
507: 1741 1766
508: 8753 7424
509: 5981 718
510: 6559 8027
511: 8794 9239
512: 2027 187
513: 7406 4939
514: 31 299
515: 306 3661
516: 2439 1846
517: 7989 8170
518: 6011 3062
519: 542 3605
520: 752 229
521: 889 3558
522: 2079 1289
523: 4013 4213
524: 736 263
525: 8599 347
526: 555 5879
527: 1614 4729
528: 8045 2198
529: 6237 5690
530: 748 1337
531: 3031 500
532: 1720 873
533: 15 4792
534: 5075 3102
535: 616 5447
536: 3521 1269
537: 2343 2149
538: 569 434
539: 1921 8295
540: 5827 105
541: 4885 3454
542: 3272 1551
543: 6429 8323
544: 1268 9129
545: 2414 8079
546: 2015 586
547: 1581 9685
548: 1460 1503
549: 4597 9582
550: 2560 5077
551: 211 102
552: 2973 193
553: 6519 2371
554: 6425 7768
555: 5045 2527
556: 2226 6049
557: 4750 4521
558: 6335 6567
559: 6548 2337
560: 4097 4393
561: 1691 7507
562: 1892 1327
563: 4437 3758
564: 145 5791
565: 641 4646
566: 8203 6900
567: 3728 147
568: 875 3614
569: 1724 1933
570: 6805 2434
571: 220 3
572: 6406 363
573: 879 316
574: 1474 1307
575: 2708 2947
576: 2620 7293
577: 8187 3647
578: 6751 3661
579: 470 719
580: 3691 3307
581: 53 507
582: 97 310
583: 1981 76
584: 1012 1455
585: 2144 1657
586: 5025 173
587: 6528 355
588: 5111 2704
589: 3 10
590: 2538 8405
591: 9619 5736
592: 4631 1071
593: 275 3836
594: 91 1308
595: 745 448
596: 2236 6667
597: 2872 3671
598: 5705 839
599: 229 2196
600: 868 1359
601: 1211 1058
602: 2644 657
603: 6167 3727
604: 2492 6039
605: 8033 9584
606: 1325 6329
607: 2355 932
608: 6623 2099
609: 1932 2243
610: 7663 5080
611: 2143 6905
612: 1179 9190
613: 1333 304
614: 641 657
615: 1251 3821
616: 5123 9625
617: 3030 8623
618: 551 2183
619: 3131 4407
620: 7342 9417
621: 7898 993
622: 557 3080
623: 4299 4085
624: 971 4050
625: 3773 6697
626: 1169 8577
627: 3356 2865
628: 887 584
629: 6099 9851
630: 6397 167
631: 9031 6474
632: 1991 2017
633: 1268 1693
634: 329 523
635: 3049 3657
636: 349 2415
637: 6939 1079
638: 1785 1987
639: 5720 1681
640: 5403 4393
641: 9929 7727
642: 1294 1719
643: 1156 1937
644: 1489 9471
645: 3656 3231
646: 737 1569
647: 2637 2066
648: 1372 1027
649: 7864 6973
650: 1266 1105
651: 7430 9721
652: 9959 4138
653: 1471 2341
654: 491 3096
655: 1595 8202
656: 760 8539
657: 2444 1485
658: 7871 7043
659: 1013 234
660: 7305 4733
661: 1634 4787
662: 8247 6517
663: 9287 1247
664: 4687 1337
665: 380 173
666: 57 64
667: 3503 3394
668: 3407 4533
669: 3753 913
670: 6571 6010
671: 374 2997
672: 7474 1409
673: 829 4480
674: 3452 4013
675: 3769 1285
676: 493 321
677: 1633 1919
678: 827 2157
679: 19 3170
680: 490 1977
681: 81 8
682: 8831 4427
683: 5618 3259
684: 4850 5669
685: 1393 1553
686: 1399 1279
687: 5059 9751
688: 147 59
689: 2287 3147
690: 2684 9019
691: 7051 914
692: 1403 4101
693: 7173 6461
694: 3 28
695: 175 3051
696: 9067 9840
697: 2400 7349
698: 5816 6655
699: 1637 2267
700: 4363 4018
701: 268 9247
702: 191 54
703: 2276 1029
704: 2482 613
705: 5671 3597
706: 4631 9847
707: 9068 1393
708: 277 2814
709: 951 7444
710: 1045 9384
711: 5403 7372
712: 4497 1490
713: 5457 1517
714: 828 293
715: 983 4182
716: 3056 1961
717: 1363 3253
718: 1730 9889
719: 8467 2314
720: 1311 157
721: 4187 9677
722: 2995 3372
723: 939 1255
724: 2751 37
725: 8493 3707
726: 9839 7032
727: 224 23
728: 4145 2396
729: 9377 3528
730: 3840 4771
731: 2902 2087
732: 505 7891
733: 6355 928
734: 9922 591
735: 8029 3345
736: 6383 6613
737: 273 1189
738: 6177 9655
739: 1731 644
740: 698 887
741: 924 1823
742: 8527 503
743: 1895 1179
744: 922 1107
745: 2168 5853
746: 6479 5011
747: 2734 1231
748: 176 299
749: 19 9527
750: 73 1451
751: 908 7557
752: 3179 7369
753: 4739 507
754: 2863 7146
755: 1151 6687
756: 1522 1173
757: 521 4509
758: 3182 423
759: 1273 8249
760: 1270 811
761: 951 3467
762: 3030 5309
763: 4738 9063
764: 9786 4909
765: 519 3058
766: 347 3111
767: 3994 5247
768: 1287 1883
769: 517 40
770: 281 5787
771: 984 3943
772: 5458 5345
773: 1421 1273
774: 387 1207
775: 892 8097
776: 188 2669
777: 2251 9481
778: 7389 1543
779: 8599 8124
780: 7810 9341
781: 4313 6493
782: 1535 1974
783: 621 6295
784: 3142 7205
785: 6823 2531
786: 459 385
787: 3729 1454
788: 4751 5746
789: 1523 155
790: 101 78
791: 4234 2315
792: 1471 6812
793: 6951 9407
794: 3403 3756
795: 2319 1462
796: 701 1408
797: 2319 809
798: 1915 478
799: 3343 4005
800: 5909 5565
801: 4681 2598
802: 1055 6982
803: 1147 4899
804: 1204 6633
805: 6641 5509
806: 198 8573
807: 5689 7614
808: 3933 1466
809: 2669 4832
810: 1481 1681
811: 47 7
812: 54 7181
813: 1153 2211
814: 6049 3977
815: 1963 2864
816: 1691 3106
817: 1389 2653
818: 2460 9007
819: 244 2121
820: 1877 231
821: 2797 6793
822: 237 320
823: 8867 292
824: 129 200
825: 5117 6404
826: 2911 2376
827: 431 2493
828: 43 220
829: 1568 3627
830: 5219 7491
831: 3062 1121
832: 931 1996
833: 248 1903
834: 3460 2821
835: 1354 1137
836: 220 1501
837: 1339 862
838: 4786 4323
839: 709 2433
840: 15 9454
841: 5750 51
842: 579 1024
843: 5792 3609
844: 5933 4982
845: 608 2217
846: 6446 3361
847: 920 781
848: 6378 6881
849: 2594 1843
850: 640 9633
851: 8952 5381
852: 9479 3331
853: 4643 2546
854: 7641 9085
855: 7509 7940
856: 2325 6949
857: 1687 3498
858: 4767 3785
859: 953 5058
860: 9627 2210
861: 554 1361
862: 589 485
863: 4385 3099
864: 8612 587
865: 5155 9604
866: 1607 2042
867: 331 41
868: 479 4154
869: 9890 6603
870: 4630 3111
871: 3500 6639
872: 6957 6916
873: 2943 3952
874: 123 484
875: 3053 4967
876: 102 4313
877: 1873 4034
878: 4560 2779
879: 1730 5257
880: 9444 8417
881: 3613 1921
882: 2225 9576
883: 5563 7360
884: 3955 433
885: 659 3346
886: 8735 8408
887: 287 86
888: 9007 7795
889: 2316 9407
890: 9407 2727
891: 7158 1871
892: 9941 33
893: 3220 2693
894: 3768 365
895: 5792 1265
896: 9907 1004
897: 4813 2202
898: 7688 1459
899: 7293 6221
900: 9703 7255
901: 2113 5794
902: 1199 8376
903: 4209 1601
904: 2676 2411
905: 1762 9641
906: 6402 125
907: 9243 2195
908: 833 356
909: 5959 7108
910: 73 136
911: 401 30
912: 2904 2291
913: 43 177
914: 1569 1922
915: 3375 1789
916: 4324 749
917: 941 789
918: 2588 1647
919: 3168 5515
920: 2625 97
921: 562 903
922: 1452 2603
923: 2804 1947
924: 589 469
925: 1556 5545
926: 782 779
927: 1065 614
928: 714 205
929: 393 1171
930: 3047 9811
931: 7352 767
932: 849 466
933: 3666 3071
934: 1711 2739
935: 59 2159
936: 5317 883
937: 1314 9757
938: 847 403
939: 5017 2255
940: 2782 9145
941: 703 83
942: 475 403
943: 431 799
944: 8998 8389
945: 579 8807
946: 24 1561
947: 17 738
948: 444 6203
949: 381 4868
950: 3551 6820
951: 8475 6113
952: 3481 170
953: 6541 5127
954: 1134 1321
955: 2274 2135
956: 7024 8907
957: 713 2465
958: 3478 8973
959: 3922 1655
960: 9407 9345
961: 490 509
962: 2727 3149
963: 9412 4513
964: 1119 1273
965: 2167 1647
966: 4154 2545
967: 355 523
968: 1105 3661
969: 559 4668
970: 74 6591
971: 183 5722
972: 4222 8631
973: 1300 21
974: 9934 149
975: 1432 1151
976: 5278 8521
977: 1 3
978: 1933 3917
979: 3106 2191
980: 483 569
981: 13 128
982: 3412 547
983: 8829 3262
984: 683 1926
985: 2348 741
986: 537 569
987: 400 3369
988: 1552 163
989: 1773 1999
990: 39 8792
991: 201 101
992: 1020 2581
993: 673 67
994: 1664 6337
995: 1856 2235
996: 2031 3836
997: 68 99
998: 648 257
999: 7798 8119
1000: 7111 8455
